[debug] [2026-03-11T19:08:16.040Z] ----------------------------------------------------------------------
[debug] [2026-03-11T19:08:16.041Z] Command:       /Users/pavi/.nvm/versions/node/v22.18.0/bin/node /Users/pavi/.nvm/versions/node/v22.18.0/bin/firebase deploy
[debug] [2026-03-11T19:08:16.042Z] CLI Version:   15.6.0
[debug] [2026-03-11T19:08:16.042Z] Platform:      darwin
[debug] [2026-03-11T19:08:16.042Z] Node Version:  v22.18.0
[debug] [2026-03-11T19:08:16.042Z] Time:          Wed Mar 11 2026 15:08:16 GMT-0400 (Eastern Daylight Saving Time)
[debug] [2026-03-11T19:08:16.042Z] ----------------------------------------------------------------------
[debug] 
[debug] [2026-03-11T19:08:16.840Z] > command requires scopes: ["email","openid","https://www.googleapis.com/auth/cloudplatformprojects.readonly","https://www.googleapis.com/auth/firebase","https://www.googleapis.com/auth/cloud-platform"]
[debug] [2026-03-11T19:08:16.840Z] > authorizing via signed-in user (hyprrman96@gmail.com)
[debug] [2026-03-11T19:08:16.840Z] [iam] checking project ims-fedex for permissions ["cloudfunctions.functions.create","cloudfunctions.functions.delete","cloudfunctions.functions.get","cloudfunctions.functions.list","cloudfunctions.functions.update","cloudfunctions.operations.get","datastore.indexes.create","datastore.indexes.delete","datastore.indexes.list","datastore.indexes.update","firebase.projects.get","firebasehosting.sites.update"]
[debug] [2026-03-11T19:08:16.841Z] Checked if tokens are valid: false, expires at: 1773243713558
[debug] [2026-03-11T19:08:16.841Z] Checked if tokens are valid: false, expires at: 1773243713558
[debug] [2026-03-11T19:08:16.841Z] > refreshing access token with scopes: []
[debug] [2026-03-11T19:08:16.841Z] >>> [apiv2][query] POST https://www.googleapis.com/oauth2/v3/token [none]
[debug] [2026-03-11T19:08:16.841Z] >>> [apiv2][body] POST https://www.googleapis.com/oauth2/v3/token [omitted]
[debug] [2026-03-11T19:08:17.684Z] <<< [apiv2][status] POST https://www.googleapis.com/oauth2/v3/token 200
[debug] [2026-03-11T19:08:17.684Z] <<< [apiv2][body] POST https://www.googleapis.com/oauth2/v3/token [omitted]
[debug] [2026-03-11T19:08:17.705Z] >>> [apiv2][query] POST https://cloudresourcemanager.googleapis.com/v1/projects/ims-fedex:testIamPermissions [none]
[debug] [2026-03-11T19:08:17.705Z] >>> [apiv2][(partial)header] POST https://cloudresourcemanager.googleapis.com/v1/projects/ims-fedex:testIamPermissions  x-goog-user-project=ims-fedex
[debug] [2026-03-11T19:08:17.705Z] >>> [apiv2][body] POST https://cloudresourcemanager.googleapis.com/v1/projects/ims-fedex:testIamPermissions {"permissions":["cloudfunctions.functions.create","cloudfunctions.functions.delete","cloudfunctions.functions.get","cloudfunctions.functions.list","cloudfunctions.functions.update","cloudfunctions.operations.get","datastore.indexes.create","datastore.indexes.delete","datastore.indexes.list","datastore.indexes.update","firebase.projects.get","firebasehosting.sites.update"]}
[debug] [2026-03-11T19:08:18.439Z] <<< [apiv2][status] POST https://cloudresourcemanager.googleapis.com/v1/projects/ims-fedex:testIamPermissions 200
[debug] [2026-03-11T19:08:18.439Z] <<< [apiv2][body] POST https://cloudresourcemanager.googleapis.com/v1/projects/ims-fedex:testIamPermissions {"permissions":["cloudfunctions.functions.create","cloudfunctions.functions.delete","cloudfunctions.functions.get","cloudfunctions.functions.list","cloudfunctions.functions.update","cloudfunctions.operations.get","datastore.indexes.create","datastore.indexes.delete","datastore.indexes.list","datastore.indexes.update","firebase.projects.get","firebasehosting.sites.update"]}
[debug] [2026-03-11T19:08:18.440Z] Checked if tokens are valid: true, expires at: 1773259696684
[debug] [2026-03-11T19:08:18.440Z] Checked if tokens are valid: true, expires at: 1773259696684
[debug] [2026-03-11T19:08:18.440Z] >>> [apiv2][query] POST https://iam.googleapis.com/v1/projects/ims-fedex/serviceAccounts/ims-fedex@appspot.gserviceaccount.com:testIamPermissions [none]
[debug] [2026-03-11T19:08:18.440Z] >>> [apiv2][body] POST https://iam.googleapis.com/v1/projects/ims-fedex/serviceAccounts/ims-fedex@appspot.gserviceaccount.com:testIamPermissions {"permissions":["iam.serviceAccounts.actAs"]}
[debug] [2026-03-11T19:08:19.018Z] <<< [apiv2][status] POST https://iam.googleapis.com/v1/projects/ims-fedex/serviceAccounts/ims-fedex@appspot.gserviceaccount.com:testIamPermissions 200
[debug] [2026-03-11T19:08:19.019Z] <<< [apiv2][body] POST https://iam.googleapis.com/v1/projects/ims-fedex/serviceAccounts/ims-fedex@appspot.gserviceaccount.com:testIamPermissions {"permissions":["iam.serviceAccounts.actAs"]}
[debug] [2026-03-11T19:08:19.020Z] Checked if tokens are valid: true, expires at: 1773259696684
[debug] [2026-03-11T19:08:19.020Z] Checked if tokens are valid: true, expires at: 1773259696684
[debug] [2026-03-11T19:08:19.020Z] >>> [apiv2][query] GET https://firebase.googleapis.com/v1beta1/projects/ims-fedex [none]
[debug] [2026-03-11T19:08:19.583Z] <<< [apiv2][status] GET https://firebase.googleapis.com/v1beta1/projects/ims-fedex 200
[debug] [2026-03-11T19:08:19.584Z] <<< [apiv2][body] GET https://firebase.googleapis.com/v1beta1/projects/ims-fedex {"projectId":"ims-fedex","projectNumber":"141882002996","displayName":"ims-fedex","name":"projects/ims-fedex","resources":{"hostingSite":"ims-fedex"},"state":"ACTIVE","etag":"1_7f8ef0f1-4666-4dc1-afa5-5818e89812df"}
[debug] [2026-03-11T19:08:20.471Z] Checked if tokens are valid: true, expires at: 1773259696684
[debug] [2026-03-11T19:08:20.471Z] Checked if tokens are valid: true, expires at: 1773259696684
[debug] [2026-03-11T19:08:20.471Z] >>> [apiv2][query] GET https://firebasehosting.googleapis.com/v1beta1/projects/ims-fedex/sites pageToken=&pageSize=10
[debug] [2026-03-11T19:08:22.001Z] <<< [apiv2][status] GET https://firebasehosting.googleapis.com/v1beta1/projects/ims-fedex/sites 200
[debug] [2026-03-11T19:08:22.001Z] <<< [apiv2][body] GET https://firebasehosting.googleapis.com/v1beta1/projects/ims-fedex/sites {"sites":[{"name":"projects/ims-fedex/sites/ims-fedex","defaultUrl":"https://ims-fedex.web.app","appId":"1:141882002996:web:1c7ac4a8af29b7a6e74461","type":"DEFAULT_SITE"}]}
[debug] [2026-03-11T19:08:22.002Z] Checked if tokens are valid: true, expires at: 1773259696684
[debug] [2026-03-11T19:08:22.002Z] Checked if tokens are valid: true, expires at: 1773259696684
[debug] [2026-03-11T19:08:22.002Z] >>> [apiv2][query] GET https://firebase.googleapis.com/v1beta1/projects/-/webApps/1:141882002996:web:1c7ac4a8af29b7a6e74461/config [none]
[debug] [2026-03-11T19:08:22.376Z] <<< [apiv2][status] GET https://firebase.googleapis.com/v1beta1/projects/-/webApps/1:141882002996:web:1c7ac4a8af29b7a6e74461/config 200
[debug] [2026-03-11T19:08:22.377Z] <<< [apiv2][body] GET https://firebase.googleapis.com/v1beta1/projects/-/webApps/1:141882002996:web:1c7ac4a8af29b7a6e74461/config {"projectId":"ims-fedex","appId":"1:141882002996:web:1c7ac4a8af29b7a6e74461","storageBucket":"ims-fedex.firebasestorage.app","apiKey":"AIzaSyCx1U7v_N4tjBJgaX27h09QvojldH3P3Hw","authDomain":"ims-fedex.firebaseapp.com","messagingSenderId":"141882002996","measurementId":"G-0HGPRVC8ZS","projectNumber":"141882002996","version":"2"}
[info] 
   Thank you for trying our early preview of Next.js support on Firebase Hosting.
   During the preview, support is best-effort and breaking changes can be expected. Proceed with caution.
   The integration is known to work with Next.js version 12 - 15.0. You may encounter errors.

   Documentation: https://firebase.google.com/docs/hosting/frameworks/nextjs
   File a bug: https://github.com/firebase/firebase-tools/issues/new?template=bug_report.md
   Submit a feature request: https://github.com/firebase/firebase-tools/issues/new?template=feature_request.md

   We'd love to learn from you. Express your interest in helping us shape the future of Firebase Hosting: https://goo.gle/41enW5X

[debug] [2026-03-11T19:08:24.038Z] Checked if tokens are valid: true, expires at: 1773259696684
[debug] [2026-03-11T19:08:24.038Z] Checked if tokens are valid: true, expires at: 1773259696684
[debug] [2026-03-11T19:08:24.038Z] >>> [apiv2][query] GET https://firebasehosting.googleapis.com/v1beta1/projects/ims-fedex/sites/ims-fedex [none]
[debug] [2026-03-11T19:08:24.833Z] <<< [apiv2][status] GET https://firebasehosting.googleapis.com/v1beta1/projects/ims-fedex/sites/ims-fedex 200
[debug] [2026-03-11T19:08:24.834Z] <<< [apiv2][body] GET https://firebasehosting.googleapis.com/v1beta1/projects/ims-fedex/sites/ims-fedex {"name":"projects/ims-fedex/sites/ims-fedex","defaultUrl":"https://ims-fedex.web.app","appId":"1:141882002996:web:1c7ac4a8af29b7a6e74461","type":"DEFAULT_SITE"}
[info] [baseline-browser-mapping] The data in this module is over two months old.  To ensure accurate Baseline data, please update: `npm i baseline-browser-mapping@latest -D`

[info]    ▲ Next.js 16.0.3 (Turbopack)

[info]    - Environments: .env.local


[info]    Creating an optimized production build ...

[info] [baseline-browser-mapping] The data in this module is over two months old.  To ensure accurate Baseline data, please update: `npm i baseline-browser-mapping@latest -D`

[info]  ✓ Compiled successfully in 3.4s

[info]    Skipping validation of types

[info]    Collecting page data using 7 workers ...

[info] [baseline-browser-mapping] The data in this module is over two months old.  To ensure accurate Baseline data, please update: `npm i baseline-browser-mapping@latest -D`

[info] [baseline-browser-mapping] The data in this module is over two months old.  To ensure accurate Baseline data, please update: `npm i baseline-browser-mapping@latest -D`

[info] [baseline-browser-mapping] The data in this module is over two months old.  To ensure accurate Baseline data, please update: `npm i baseline-browser-mapping@latest -D`

[info] [baseline-browser-mapping] The data in this module is over two months old.  To ensure accurate Baseline data, please update: `npm i baseline-browser-mapping@latest -D`

[info]    Generating static pages using 7 workers (0/4) ...

[info] [baseline-browser-mapping] The data in this module is over two months old.  To ensure accurate Baseline data, please update: `npm i baseline-browser-mapping@latest -D`

[info] Warning: Please use the `legacy` build in Node.js environments.

[info] Error occurred prerendering page "/". Read more: https://nextjs.org/docs/messages/prerender-error

[info] ReferenceError: DOMMatrix is not defined
    at instantiateModule (.next/server/chunks/ssr/[turbopack]_runtime.js:715:9)
    at getOrInstantiateModuleFromParent (.next/server/chunks/ssr/[turbopack]_runtime.js:738:12)
    at Context.esmImport [as i] (.next/server/chunks/ssr/[turbopack]_runtime.js:228:20)
    at instantiateModule (.next/server/chunks/ssr/[turbopack]_runtime.js:715:9)
    at getOrInstantiateModuleFromParent (.next/server/chunks/ssr/[turbopack]_runtime.js:738:12)
    at Context.esmImport [as i] (.next/server/chunks/ssr/[turbopack]_runtime.js:228:20)
    at module evaluation (.next/server/chunks/ssr/[root-of-the-server]__92ba261a._.js:24:410886)
    at instantiateModule (.next/server/chunks/ssr/[turbopack]_runtime.js:715:9) {
  digest: '3924336393'
}

[info] Export encountered an error on /page: /, exiting the build.

[info]  ⨯ Next.js build worker exited with code: 1 and signal: null

[debug] [2026-03-11T19:08:30.142Z] Error: ENOENT: no such file or directory, open '/Users/pavi/Documents/PRODUCTION/NEXTJS/PROJECTS/IMS/.next/export-marker.json'
[error] 
[error] Error: An unexpected error has occurred.
